18:07:22 **** Clean-only build of configuration Debug for project ctrl ****
make clean 
rm -rf  ./buzzer.o ./control.o ./dc_motor.o ./external_eeprom.o ./gpio.o ./timer1.o ./twi.o ./uart.o  sizedummy  ctrl.lss  ./buzzer.d ./control.d ./dc_motor.d ./external_eeprom.d ./gpio.d ./timer1.d ./twi.d ./uart.d  ctrl.elf
 
18:07:22 **** Incremental Build of configuration Debug for project ctrl ****
make all 
Building file: ../buzzer.c
Invoking: AVR Compiler
avr-gcc -Wall -g2 -gstabs -O0 -fpack-struct -fshort-enums -ffunction-sections -fdata-sections -std=gnu99 -funsigned-char -funsigned-bitfields -mmcu=atmega32 -DF_CPU=1000000UL -MMD -MP -MF"buzzer.d" -MT"buzzer.o" -c -o "buzzer.o" "../buzzer.c"
Finished building: ../buzzer.c
 
Building file: ../control.c
Invoking: AVR Compiler
avr-gcc -Wall -g2 -gstabs -O0 -fpack-struct -fshort-enums -ffunction-sections -fdata-sections -std=gnu99 -funsigned-char -funsigned-bitfields -mmcu=atmega32 -DF_CPU=1000000UL -MMD -MP -MF"control.d" -MT"control.o" -c -o "control.o" "../control.c"
In file included from ../control.c:16:
c:/winavr-20100110/lib/gcc/../../avr/include/util/delay.h:90:3: warning: #warning "Compiler optimizations disabled; functions from <util/delay.h> won't work as designed"
../control.c:34: warning: return type of 'main' is not 'int'
../control.c: In function 'main':
../control.c:43: warning: large integer implicitly truncated to unsigned type
Finished building: ../control.c
 
Building file: ../dc_motor.c
Invoking: AVR Compiler
avr-gcc -Wall -g2 -gstabs -O0 -fpack-struct -fshort-enums -ffunction-sections -fdata-sections -std=gnu99 -funsigned-char -funsigned-bitfields -mmcu=atmega32 -DF_CPU=1000000UL -MMD -MP -MF"dc_motor.d" -MT"dc_motor.o" -c -o "dc_motor.o" "../dc_motor.c"
Finished building: ../dc_motor.c
 
Building file: ../external_eeprom.c
Invoking: AVR Compiler
avr-gcc -Wall -g2 -gstabs -O0 -fpack-struct -fshort-enums -ffunction-sections -fdata-sections -std=gnu99 -funsigned-char -funsigned-bitfields -mmcu=atmega32 -DF_CPU=1000000UL -MMD -MP -MF"external_eeprom.d" -MT"external_eeprom.o" -c -o "external_eeprom.o" "../external_eeprom.c"
Finished building: ../external_eeprom.c
 
Building file: ../gpio.c
Invoking: AVR Compiler
avr-gcc -Wall -g2 -gstabs -O0 -fpack-struct -fshort-enums -ffunction-sections -fdata-sections -std=gnu99 -funsigned-char -funsigned-bitfields -mmcu=atmega32 -DF_CPU=1000000UL -MMD -MP -MF"gpio.d" -MT"gpio.o" -c -o "gpio.o" "../gpio.c"
Finished building: ../gpio.c
 
Building file: ../timer1.c
Invoking: AVR Compiler
avr-gcc -Wall -g2 -gstabs -O0 -fpack-struct -fshort-enums -ffunction-sections -fdata-sections -std=gnu99 -funsigned-char -funsigned-bitfields -mmcu=atmega32 -DF_CPU=1000000UL -MMD -MP -MF"timer1.d" -MT"timer1.o" -c -o "timer1.o" "../timer1.c"
../timer1.c: In function 'Timer1_init':
../timer1.c:42: warning: enumeration value 'FAST_PWM' not handled in switch
../timer1.c: In function 'Timer1_setCallBack':
../timer1.c:66: warning: function return types not compatible due to 'volatile'
Finished building: ../timer1.c
 
Building file: ../twi.c
Invoking: AVR Compiler
avr-gcc -Wall -g2 -gstabs -O0 -fpack-struct -fshort-enums -ffunction-sections -fdata-sections -std=gnu99 -funsigned-char -funsigned-bitfields -mmcu=atmega32 -DF_CPU=1000000UL -MMD -MP -MF"twi.d" -MT"twi.o" -c -o "twi.o" "../twi.c"
Finished building: ../twi.c
 
Building file: ../uart.c
Invoking: AVR Compiler
avr-gcc -Wall -g2 -gstabs -O0 -fpack-struct -fshort-enums -ffunction-sections -fdata-sections -std=gnu99 -funsigned-char -funsigned-bitfields -mmcu=atmega32 -DF_CPU=1000000UL -MMD -MP -MF"uart.d" -MT"uart.o" -c -o "uart.o" "../uart.c"
Finished building: ../uart.c
 
Building target: ctrl.elf
Invoking: AVR C Linker
avr-gcc -Wl,-Map,ctrl.map -mmcu=atmega32 -o "ctrl.elf"  ./buzzer.o ./control.o ./dc_motor.o ./external_eeprom.o ./gpio.o ./timer1.o ./twi.o ./uart.o   
Finished building target: ctrl.elf
 
Invoking: AVR Create Extended Listing
avr-objdump -h -S ctrl.elf  >"ctrl.lss"
Finished building: ctrl.lss
 
Invoking: Print Size
avr-size --format=avr --mcu=atmega32 ctrl.elf
AVR Memory Usage
----------------
Device: atmega32

Program:   12588 bytes (38.4% Full)
(.text + .data + .bootloader)

Data:        310 bytes (15.1% Full)
(.data + .bss + .noinit)


Finished building: sizedummy
 
