14:48:54 **** Build of configuration Debug for project miniProject4 ****
make all 
Building file: ../gpio.c
Invoking: AVR Compiler
avr-gcc -Wall -g2 -gstabs -O0 -fpack-struct -fshort-enums -ffunction-sections -fdata-sections -std=gnu99 -funsigned-char -funsigned-bitfields -mmcu=atmega32 -DF_CPU=8000000UL -MMD -MP -MF"gpio.d" -MT"gpio.o" -c -o "gpio.o" "../gpio.c"
Finished building: ../gpio.c
 
Building file: ../icu.c
Invoking: AVR Compiler
avr-gcc -Wall -g2 -gstabs -O0 -fpack-struct -fshort-enums -ffunction-sections -fdata-sections -std=gnu99 -funsigned-char -funsigned-bitfields -mmcu=atmega32 -DF_CPU=8000000UL -MMD -MP -MF"icu.d" -MT"icu.o" -c -o "icu.o" "../icu.c"
../icu.c: In function 'Icu_setCallBack':
../icu.c:82: warning: function return types not compatible due to 'volatile'
Finished building: ../icu.c
 
Building file: ../lcd.c
Invoking: AVR Compiler
avr-gcc -Wall -g2 -gstabs -O0 -fpack-struct -fshort-enums -ffunction-sections -fdata-sections -std=gnu99 -funsigned-char -funsigned-bitfields -mmcu=atmega32 -DF_CPU=8000000UL -MMD -MP -MF"lcd.d" -MT"lcd.o" -c -o "lcd.o" "../lcd.c"
In file included from ../lcd.c:13:
c:/winavr-20100110/lib/gcc/../../avr/include/util/delay.h:90:3: warning: #warning "Compiler optimizations disabled; functions from <util/delay.h> won't work as designed"
../lcd.c: In function 'LCD_intgerToString':
../lcd.c:213: warning: implicit declaration of function 'itoa'
Finished building: ../lcd.c
 
Building file: ../main.c
Invoking: AVR Compiler
avr-gcc -Wall -g2 -gstabs -O0 -fpack-struct -fshort-enums -ffunction-sections -fdata-sections -std=gnu99 -funsigned-char -funsigned-bitfields -mmcu=atmega32 -DF_CPU=8000000UL -MMD -MP -MF"main.d" -MT"main.o" -c -o "main.o" "../main.c"
../main.c:14: warning: return type of 'main' is not 'int'
Finished building: ../main.c
 
Building file: ../ultraSonic.c
Invoking: AVR Compiler
avr-gcc -Wall -g2 -gstabs -O0 -fpack-struct -fshort-enums -ffunction-sections -fdata-sections -std=gnu99 -funsigned-char -funsigned-bitfields -mmcu=atmega32 -DF_CPU=8000000UL -MMD -MP -MF"ultraSonic.d" -MT"ultraSonic.o" -c -o "ultraSonic.o" "../ultraSonic.c"
In file included from ../ultraSonic.c:11:
c:/winavr-20100110/lib/gcc/../../avr/include/util/delay.h:90:3: warning: #warning "Compiler optimizations disabled; functions from <util/delay.h> won't work as designed"
Finished building: ../ultraSonic.c
 
Building target: miniProject4.elf
Invoking: AVR C Linker
avr-gcc -Wl,-Map,miniProject4.map -mmcu=atmega32 -o "miniProject4.elf"  ./gpio.o ./icu.o ./lcd.o ./main.o ./ultraSonic.o   
Finished building target: miniProject4.elf
 
Invoking: AVR Create Extended Listing
avr-objdump -h -S miniProject4.elf  >"miniProject4.lss"
Finished building: miniProject4.lss
 
Invoking: Print Size
avr-size --format=avr --mcu=atmega32 miniProject4.elf
AVR Memory Usage
----------------
Device: atmega32

Program:   10210 bytes (31.2% Full)
(.text + .data + .bootloader)

Data:        279 bytes (13.6% Full)
(.data + .bss + .noinit)


Finished building: sizedummy
 

14:48:55 Build Finished. 0 errors, 5 warnings. (took 1s.67ms)

